{"ygPerms":{"resourceCapabilityList":[{"resourceType":"GROUP","capabilities":[{"name":"READ"},{"name":"JOIN"}]},{"resourceType":"PHOTO","capabilities":[]},{"resourceType":"FILE","capabilities":[]},{"resourceType":"MEMBER","capabilities":[]},{"resourceType":"LINK","capabilities":[]},{"resourceType":"CALENDAR","capabilities":[]},{"resourceType":"DATABASE","capabilities":[]},{"resourceType":"POLL","capabilities":[]},{"resourceType":"MESSAGE","capabilities":[{"name":"READ"}]},{"resourceType":"PENDING_MESSAGE","capabilities":[]},{"resourceType":"ATTACHMENTS","capabilities":[{"name":"READ"}]},{"resourceType":"PHOTOMATIC_ALBUMS","capabilities":[]},{"resourceType":"MEMBERSHIP_TYPE","capabilities":[]},{"resourceType":"POST","capabilities":[{"name":"READ"}]},{"resourceType":"PIN","capabilities":[]}],"groupUrl":"groups.yahoo.com","intlCode":"us"},"comscore":"pageview_candidate","ygData":{"userId":182855029,"authorName":"Michele Vascellari","from":"Michele Vascellari &lt;vascellari@...&gt;","profile":"vascellari","replyTo":"LIST","senderId":"YlF0NodnW1nyOYZ7UU6IqMgbNlh9ERGQPXJGjvCrmJ6BFE5i2KNEWApWCaMHKI9K3gn3dlf0h_DxCA3h2qG_7Tf-xWuxG-y3f2PlUqS5C1QHg-187Ak","spamInfo":{"isSpam":false,"reason":"12"},"subject":"fortran 77 demo program","postDate":"1120637078","msgId":910,"canDelete":false,"contentTrasformed":false,"systemMessage":false,"headers":{"messageIdInHeader":"PDQyQ0I5MDk2LjcwNTA2MDhAZGltZWNhLnVuaWNhLml0Pg=="},"prevInTopic":0,"nextInTopic":914,"prevInTime":909,"nextInTime":911,"topicId":910,"numMessagesInTopic":3,"msgSnippet":"Hi, I want to create an fortran 77 interface for c++ cantera libraries under Linux (I m using gcc 3.3.5). I don t have problems using Cantera in C++, python,","rawEmail":"Return-Path: &lt;vascellari@...&gt;\r\nX-Sender: vascellari@...\r\nX-Apparently-To: cantera@yahoogroups.com\r\nReceived: (qmail 47686 invoked from network); 6 Jul 2005 08:05:30 -0000\r\nReceived: from unknown (66.218.66.167)\n  by m23.grp.scd.yahoo.com with QMQP; 6 Jul 2005 08:05:30 -0000\r\nReceived: from unknown (HELO vaxca1.unica.it) (192.146.242.3)\n  by mta6.grp.scd.yahoo.com with SMTP; 6 Jul 2005 08:05:29 -0000\r\nReceived: from [192.167.135.191] (caulab6.unica.it [192.167.135.191])\n\tby vaxca1.unica.it (8.12.8/8.12.8) with ESMTP id j669VChx026741\n\tfor &lt;cantera@yahoogroups.com&gt;; Wed, 6 Jul 2005 11:31:12 +0200\r\nMessage-ID: &lt;42CB9096.7050608@...&gt;\r\nDate: Wed, 06 Jul 2005 10:04:38 +0200\r\nUser-Agent: Mozilla Thunderbird 1.0.2 (X11/20050602)\r\nX-Accept-Language: it, it-it, en-us, en\r\nMIME-Version: 1.0\r\nTo: Cantera User Group &lt;cantera@yahoogroups.com&gt;\r\nContent-Type: text/plain; charset=ISO-8859-15; format=flowed\r\nContent-Transfer-Encoding: 8bit\r\nX-Virus-Scanned: ClamAV version 0.84, clamav-milter version 0.84e on vaxca1.unica.it\r\nX-Virus-Status: Clean\r\nX-eGroups-Msg-Info: 1:12:0\r\nFrom: Michele Vascellari &lt;vascellari@...&gt;\r\nSubject: fortran 77 demo program\r\nX-Yahoo-Group-Post: member; u=182855029; y=-7bXk5RMLxBahklBGpsV1bZhWSpar80il8U6HM6r9b-b6Knz_Q\r\nX-Yahoo-Profile: vascellari\r\n\r\nHi,\n\nI want to create an fortran 77 interface for c++ cantera libraries under \nLinux (I&#39;m using gcc 3.3.5).\nI don&#39;t have problems using Cantera in C++, python, etc, so I think that \ncantera works fine on my machine.\n\nBut when I try to compile the f77 demo and the example program, \ngenerated by ctnew (ctnew -f77),\nI obtain the following errors:\n\ng++ -c demo_ftnlib.cpp -I/usr/local/include -O3 -Wall\nIn file included from /usr/local/include/cantera/kernel/ct_defs.h:21,\n                 from /usr/local/include/cantera/kernel/State.h:22,\n                 from /usr/local/include/cantera/kernel/Phase.h:16,\n                 from /usr/local/include/cantera/kernel/ThermoPhase.h:20,\n                 from /usr/local/include/cantera/kernel/IdealGasPhase.h:21,\n                 from /usr/local/include/cantera/IdealGasMix.h:6,\n                 from demo_ftnlib.cpp:35:\n/usr/local/include/cantera/kernel/config.h:17:26: ../../config.h: No such file or directory\nIn file included from /usr/local/include/cantera/kernel/ct_defs.h:33,\n                 from /usr/local/include/cantera/kernel/State.h:22,\n                 from /usr/local/include/cantera/kernel/Phase.h:16,\n                 from /usr/local/include/cantera/kernel/ThermoPhase.h:20,\n                 from /usr/local/include/cantera/kernel/IdealGasPhase.h:21,\n                 from /usr/local/include/cantera/IdealGasMix.h:6,\n                 from demo_ftnlib.cpp:35:\n/usr/local/include/cantera/kernel/ctvector.h:35: error: parse error before `*&#39;\n   token\n/usr/local/include/cantera/kernel/ctvector.h:55: error: syntax error before `(&#39;\n   token\n/usr/local/include/cantera/kernel/ctvector.h: In member function `int\n   ct::ctvector_fp::operator[](unsigned int) const&#39;:\n/usr/local/include/cantera/kernel/ctvector.h:47: error: `_data&#39; undeclared\n   (first use this function)\n/usr/local/include/cantera/kernel/ctvector.h:47: error: (Each undeclared\n   identifier is reported only once for each function it appears in.)\n/usr/local/include/cantera/kernel/ctvector.h: In member function `int\n   ct::ctvector_fp::back() const&#39;:\n/usr/local/include/cantera/kernel/ctvector.h:53: error: `_size&#39; undeclared\n   (first use this function)\n/usr/local/include/cantera/kernel/ctvector.h: At global scope:\n/usr/local/include/cantera/kernel/ctvector.h:56: error: ISO C++ forbids\n   defining types within return type\n/usr/local/include/cantera/kernel/ctvector.h:56: error: syntax error before `(&#39;\n   token\n/usr/local/include/cantera/kernel/ctvector.h:57: error: syntax error before `(&#39;\n   token\n/usr/local/include/cantera/kernel/ctvector.h:58: error: `value_type&#39; was not\n   declared in this scope\n/usr/local/include/cantera/kernel/ctvector.h:58: error: parse error before `)&#39;\n   token\n/usr/local/include/cantera/kernel/ctvector.h:59: error: non-member function `\n   size_t size()&#39; cannot have `const&#39; method qualifier\n/usr/local/include/cantera/kernel/ctvector.h: In function `size_t size()&#39;:\n/usr/local/include/cantera/kernel/ctvector.h:59: error: `_size&#39; undeclared\n   (first use this function)\n/usr/local/include/cantera/kernel/ctvector.h: At global scope:\n/usr/local/include/cantera/kernel/ctvector.h:61: error: non-member function `\n   bool empty()&#39; cannot have `const&#39; method qualifier\n/usr/local/include/cantera/kernel/ctvector.h:63: error: parse error before `\n   protected&#39;\n/usr/local/include/cantera/kernel/ctvector.h:65: error: syntax error before `;&#39;\n   token\n/usr/local/include/cantera/kernel/ctvector.h:119: error: parse error before `*&#39;\n   token\n/usr/local/include/cantera/kernel/ctvector.h:143: error: syntax error before `(\n   &#39; token\n/usr/local/include/cantera/kernel/ctvector.h: In member function `int\n   ctvector_int::operator[](unsigned int) const&#39;:\n/usr/local/include/cantera/kernel/ctvector.h:132: error: `_data&#39; undeclared\n   (first use this function)\n/usr/local/include/cantera/kernel/ctvector.h: At global scope:\n/usr/local/include/cantera/kernel/ctvector.h:144: error: ISO C++ forbids\n   defining types within return type\n/usr/local/include/cantera/kernel/ctvector.h:144: error: syntax error before `(\n   &#39; token\n/usr/local/include/cantera/kernel/ctvector.h:145: error: syntax error before `(\n   &#39; token\n/usr/local/include/cantera/kernel/ctvector.h:146: error: `value_type&#39; was not\n   declared in this scope\n/usr/local/include/cantera/kernel/ctvector.h:146: error: parse error before `)&#39;\n   token\n/usr/local/include/cantera/kernel/ctvector.h:147: error: non-member function `\n   size_t size()&#39; cannot have `const&#39; method qualifier\n/usr/local/include/cantera/kernel/ctvector.h: In function `size_t size()&#39;:\n/usr/local/include/cantera/kernel/ctvector.h:147: error: redefinition of `\n   size_t size()&#39;\n/usr/local/include/cantera/kernel/ctvector.h:59: error: `size_t size()&#39;\n   previously defined here\n/usr/local/include/cantera/kernel/ctvector.h:147: error: redefinition of `\n   size_t size()&#39;\n/usr/local/include/cantera/kernel/ctvector.h:59: error: `size_t size()&#39;\n   previously defined here\n/usr/local/include/cantera/kernel/ctvector.h: At global scope:\n/usr/local/include/cantera/kernel/ctvector.h:149: error: non-member function `\n   bool empty()&#39; cannot have `const&#39; method qualifier\n/usr/local/include/cantera/kernel/ctvector.h: In function `bool empty()&#39;:\n/usr/local/include/cantera/kernel/ctvector.h:149: error: redefinition of `bool\n   empty()&#39;\n/usr/local/include/cantera/kernel/ctvector.h:61: error: `bool empty()&#39;\n   previously defined here\n/usr/local/include/cantera/kernel/ctvector.h:149: error: redefinition of `bool\n   empty()&#39;\n/usr/local/include/cantera/kernel/ctvector.h:61: error: `bool empty()&#39;\n   previously defined here\n/usr/local/include/cantera/kernel/ctvector.h: At global scope:\n/usr/local/include/cantera/kernel/ctvector.h:150: error: parse error before `\n   protected&#39;\n/usr/local/include/cantera/kernel/ctvector.h:152: error: syntax error before `;\n   &#39; token\n/usr/local/include/cantera/kernel/ctvector.h:160: error: parse error before `&&#39;\n   token\n/usr/local/include/cantera/kernel/ctvector.h:160: error: `std::ostream&\n   operator&lt;&lt;(...)&#39; must have an argument of class or enumerated type\n/usr/local/include/cantera/kernel/ctvector.h:160: error: `std::ostream&\n   operator&lt;&lt;(...)&#39; must take exactly two arguments\nIn file included from /usr/local/include/cantera/kernel/State.h:22,\n                 from /usr/local/include/cantera/kernel/Phase.h:16,\n                 from /usr/local/include/cantera/kernel/ThermoPhase.h:20,\n                 from /usr/local/include/cantera/kernel/IdealGasPhase.h:21,\n                 from /usr/local/include/cantera/IdealGasMix.h:6,\n                 from demo_ftnlib.cpp:35:\n/usr/local/include/cantera/kernel/ct_defs.h:54: error: syntax error before `=&#39;\n   token\n/usr/local/include/cantera/kernel/ct_defs.h:56: error: syntax error before `=&#39;\n   token\n/usr/local/include/cantera/kernel/ct_defs.h:61: error: syntax error before `=&#39;\n   token\n/usr/local/include/cantera/kernel/ct_defs.h:63: error: syntax error before `=&#39;\n   token\n/usr/local/include/cantera/kernel/ct_defs.h:66: error: syntax error before `=&#39;\n   token\n/usr/local/include/cantera/kernel/ct_defs.h:68: error: syntax error before `=&#39;\n   token\n/usr/local/include/cantera/kernel/ct_defs.h:70: error: syntax error before `=&#39;\n   token\n/usr/local/include/cantera/kernel/ct_defs.h:72: error: syntax error before `=&#39;\n   token\n/usr/local/include/cantera/kernel/ct_defs.h:74: error: syntax error before `=&#39;\n   token\n/usr/local/include/cantera/kernel/ct_defs.h:76: error: syntax error before `=&#39;\n   token\n/usr/local/include/cantera/kernel/ct_defs.h:77: error: syntax error before `=&#39;\n   token\n/usr/local/include/cantera/kernel/ct_defs.h:78: error: syntax error before `=&#39;\n   token\n/usr/local/include/cantera/kernel/ct_defs.h:79: error: syntax error before `=&#39;\n   token\n/usr/local/include/cantera/kernel/ct_defs.h:80: error: syntax error before `=&#39;\n   token\n/usr/local/include/cantera/kernel/ct_defs.h:81: error: syntax error before `=&#39;\n   token\n/usr/local/include/cantera/kernel/ct_defs.h:83: error: syntax error before `=&#39;\n   token\n/usr/local/include/cantera/kernel/ct_defs.h:84: error: syntax error before `=&#39;\n   token\n/usr/local/include/cantera/kernel/ct_defs.h:85: error: syntax error before `=&#39;\n   token\n/usr/local/include/cantera/kernel/ct_defs.h:86: error: syntax error before `=&#39;\n   token\n/usr/local/include/cantera/kernel/ct_defs.h:88: error: syntax error before `=&#39;\n   token\n/usr/local/include/cantera/kernel/ct_defs.h:89: error: syntax error before `=&#39;\n   token\n/usr/local/include/cantera/kernel/ct_defs.h:92: error: syntax error before `=&#39;\n   token\n/usr/local/include/cantera/kernel/ct_defs.h:95: error: syntax error before `=&#39;\n   token\n/usr/local/include/cantera/kernel/ct_defs.h:96: error: syntax error before `=&#39;\n   token\n/usr/local/include/cantera/kernel/ct_defs.h:97: error: syntax error before `=&#39;\n   token\n/usr/local/include/cantera/kernel/ct_defs.h:107: error: syntax error before `(&#39;\n   token\n/usr/local/include/cantera/kernel/ct_defs.h:109: error: syntax error before `(&#39;\n   token\n/usr/local/include/cantera/kernel/ct_defs.h:127: error: `doublereal&#39; was not\n   declared in this scope\n/usr/local/include/cantera/kernel/ct_defs.h:127: error: template argument 2 is\n   invalid\n/usr/local/include/cantera/kernel/ct_defs.h:127: error: template argument 4 is\n   invalid\n/usr/local/include/cantera/kernel/ct_defs.h:130: error: syntax error before `;&#39;\n   token\n/usr/local/include/cantera/kernel/ct_defs.h:131: error: syntax error before `;&#39;\n   token\n/usr/local/include/cantera/kernel/ct_defs.h:132: error: syntax error before `;&#39;\n   token\n/usr/local/include/cantera/kernel/ct_defs.h:133: error: `group_t&#39; was not\n   declared in this scope\n/usr/local/include/cantera/kernel/ct_defs.h:133: error: template argument 1 is\n   invalid\n/usr/local/include/cantera/kernel/ct_defs.h:133: error: template argument 2 is\n   invalid\n/usr/local/include/cantera/kernel/ct_defs.h:135: error: syntax error before `;&#39;\n   token\n/usr/local/include/cantera/kernel/ct_defs.h:140: error: template definition of\n   non-template `int operator*(const std::vector&lt;A, std::allocator&lt;_CharT&gt; &gt;&,\n   const std::vector&lt;B, std::allocator&lt;_T2&gt; &gt;&)&#39;\n/usr/local/include/cantera/kernel/ct_defs.h:160: confused by earlier errors, bailing out\nmake: *** [demo_ftnlib.o] Error 1\n\n\n\nAny ideas?\n\nThanks in advance,\nMichele\n\n-- \nDr. Ing. Michele Vascellari \t| Dipartimento di Ingegneria Meccanica\ntel ++39-70-6755741\t\t| Universitï¿½  di Cagliari\nfax ++39-70-6755717\t\t| 09123 P.zza D&#39;Armi - Cagliari\n\n\n"}}